
2024/04/14 (15:58:16) | ===> btop++ v.1.3.2
2024/04/14 (15:58:16) | WARNING: Failed to get disk/partition stats for mount "/mnt/Downloads" with statvfs error code: 112. Ignoring...

2024/08/24 (23:43:35) | ===> btop++ v.1.3.2
2024/08/24 (23:43:35) | ERROR: No UTF-8 locale detected!
Use --utf-force argument to force start if you're sure your terminal can handle it.

2024/08/24 (23:43:45) | ===> btop++ v.1.3.2
2024/08/24 (23:43:45) | WARNING: No UTF-8 locale detected! Forcing start with --utf-force argument.
2024/08/24 (23:43:45) | WARNING: No good candidate for cpu sensor found, using random from all found sensors.

2024/09/06 (13:52:21) | ===> btop++ v.1.3.2
2024/09/06 (13:52:21) | ERROR: No UTF-8 locale detected!
Use --utf-force argument to force start if you're sure your terminal can handle it.

2024/09/06 (13:52:26) | ===> btop++ v.1.3.2
2024/09/06 (13:52:26) | WARNING: No UTF-8 locale detected! Forcing start with --utf-force argument.
2024/09/06 (13:52:26) | WARNING: No good candidate for cpu sensor found, using random from all found sensors.

2024/10/06 (18:06:01) | ===> btop++ v.1.4.0
2024/10/06 (18:06:01) | ERROR: No UTF-8 locale detected!
Use --utf-force argument to force start if you're sure your terminal can handle it.

2025/02/06 (10:00:02) | ===> btop++ v.1.4.0
2025/02/06 (10:00:02) | ERROR: No UTF-8 locale detected!
Use --utf-force argument to force start if you're sure your terminal can handle it.

2025/02/16 (12:20:26) | ===> btop++ v.1.4.0
2025/02/16 (12:20:26) | WARNING: Failed to join _runner thread on exit!

2025/02/18 (15:01:45) | ===> btop++ v.1.4.0
2025/02/18 (15:01:45) | ERROR: No UTF-8 locale detected!
Use --utf-force argument to force start if you're sure your terminal can handle it.

2025/02/18 (15:01:51) | ===> btop++ v.1.4.0
2025/02/18 (15:01:51) | WARNING: No UTF-8 locale detected! Forcing start with --utf-force argument.

2025/02/18 (18:04:57) | ===> btop++ v.1.4.0
2025/02/18 (18:04:57) | WARNING: Failed to join _runner thread on exit!
